2021-01-16T16:03:42.096Z|info : amplify init core  
2021-01-16T16:04:43.902Z|info : amplify-provider-awscloudformation.amplify-service-permission-check.checkAmplifyServiceIAMPermission.amplifyClient.listApps([])
2021-01-16T16:04:45.199Z|info : amplify-provider-awscloudformation.amplify-service-manager.init.amplifyClient.createApp([{"name":"[***]qrweb","environmentVariables":{"_LIVE_PACKAGE_UPDATES":"[{\"pkg\":\"@aws-amplify/cli\",\"type\":\"npm\",\"version\":\"latest\"}]"}}])
2021-01-16T16:04:47.637Z|info : amplify-provider-awscloudformation.amplify-service-manager.init.amplifyClient.getBackendEnvironment([{"appId":"[***]7nw10p","environmentName":"[***]ev"}])
2021-01-16T16:04:48.192Z|error : amplify-provider-awscloudformation.amplify-service-manager.init.amplifyClient.getBackendEnvironment([{"appId":"[***]7nw10p","environmentName":"[***]ev"}])
NotFoundException: BackendEnvironment dev does not exist.
2021-01-16T16:04:48.192Z|info : amplify-provider-awscloudformation.amplify-service-manager.init.amplifyClient.getBackendEnvironment([{"appId":"[***]7nw10p","environmentName":"[***]ev","stackName":"[***]ify-[***]qrweb-[***]ev-[***]443","deploymentArtifacts":"amplify-projectqrweb-dev-110443-deployment"}])
2021-01-16T16:05:19.019Z|info : amplify-provider-awscloudformation.attach-backend.storeCurrentCloudBackend.s3.uploadFile([{"Key":"[***]rent-[***]ud-[***]d.zip"}])
2021-01-16T16:05:19.024Z|info : amplify-provider-awscloudformation.aws-s3.uploadFile.s3.putObject([{"Key":"[***]rent-[***]ud-[***]d.zip","Bucket":"[***]ify-[***]qrweb-[***]ev-[***]443-[***]ment"}])
2021-01-16T16:05:19.196Z|info : amplify-provider-awscloudformation.attach-backend.uploadFile.s3.uploadFile([{"Key":"[***]ify-[***]json"}])
2021-01-16T16:05:19.198Z|info : amplify-provider-awscloudformation.aws-s3.uploadFile.s3.putObject([{"Key":"[***]ify-[***]json","Bucket":"[***]ify-[***]qrweb-[***]ev-[***]443-[***]ment"}])
2021-01-16T16:06:05.607Z|info : amplify status core  
2021-01-16T16:06:24.866Z|info : amplify push core  
2021-01-16T16:06:36.407Z|info : amplify-provider-awscloudformation.zip-util.downloadZip.s3.getFile([{"Key":"[***]rent-[***]ud-[***]d.zip"},null])
2021-01-16T16:06:36.410Z|info : amplify-provider-awscloudformation.aws-s3.s3.getFile([{"Key":"[***]rent-[***]ud-[***]d.zip","Bucket":"[***]ify-[***]qrweb-[***]ev-[***]443-[***]ment"}])
2021-01-16T16:06:36.672Z|info : amplify-provider-awscloudformation.initialize-env.run.cfn.updateamplifyMetaFileWithStackOutputs([{"StackName":"[***]ify-[***]qrweb-[***]ev-[***]443"}])
2021-01-16T16:06:37.018Z|info : amplify-provider-awscloudformation.aws-s3.s3.getFile([{"Key":"[***]ify-[***]json","Bucket":"[***]ify-[***]qrweb-[***]ev-[***]443-[***]ment"}])
2021-01-16T16:12:22.914Z|info : amplify add auth  
2021-01-16T16:15:41.496Z|info : amplify add api  
2021-01-16T16:46:14.277Z|info : amplify status core  
2021-01-16T16:49:01.329Z|info : amplify push core  
2021-01-16T16:49:15.837Z|info : amplify-provider-awscloudformation.zip-util.downloadZip.s3.getFile([{"Key":"[***]rent-[***]ud-[***]d.zip"},null])
2021-01-16T16:49:15.841Z|info : amplify-provider-awscloudformation.aws-s3.s3.getFile([{"Key":"[***]rent-[***]ud-[***]d.zip","Bucket":"[***]ify-[***]qrweb-[***]ev-[***]443-[***]ment"}])
2021-01-16T16:49:16.127Z|info : amplify-provider-awscloudformation.initialize-env.run.cfn.updateamplifyMetaFileWithStackOutputs([{"StackName":"[***]ify-[***]qrweb-[***]ev-[***]443"}])
2021-01-16T16:49:17.361Z|info : amplify-provider-awscloudformation.aws-s3.s3.getFile([{"Key":"[***]ify-[***]json","Bucket":"[***]ify-[***]qrweb-[***]ev-[***]443-[***]ment"}])
2021-01-16T16:50:50.260Z|info : amplify-provider-awscloudformation.upload-appsync-files.uploadAppSyncFiles.upload.s3Client.uploadFile([{"Key":"[***]mation-[***]e.json"}])
2021-01-16T16:50:50.263Z|info : amplify-provider-awscloudformation.aws-s3.uploadFile.s3.putObject([{"Key":"[***]ify-[***]ync-[***]es/[***]7eac151b870a171e/[***]mation-[***]e.json","Bucket":"[***]ify-[***]qrweb-[***]ev-[***]443-[***]ment"}])
2021-01-16T16:50:50.268Z|info : amplify-provider-awscloudformation.upload-appsync-files.uploadAppSyncFiles.upload.s3Client.uploadFile([{"Key":"[***]s.json"}])
2021-01-16T16:50:50.269Z|info : amplify-provider-awscloudformation.aws-s3.uploadFile.s3.putObject([{"Key":"[***]ify-[***]ync-[***]es/[***]7eac151b870a171e/[***]s.json","Bucket":"[***]ify-[***]qrweb-[***]ev-[***]443-[***]ment"}])
2021-01-16T16:50:50.274Z|info : amplify-provider-awscloudformation.upload-appsync-files.uploadAppSyncFiles.upload.s3Client.uploadFile([{"Key":"[***]vers/[***]ode.req.vtl"}])
2021-01-16T16:50:50.278Z|info : amplify-provider-awscloudformation.aws-s3.uploadFile.s3.putObject([{"Key":"[***]ify-[***]ync-[***]es/[***]7eac151b870a171e/[***]vers/[***]ode.req.vtl","Bucket":"[***]ify-[***]qrweb-[***]ev-[***]443-[***]ment"}])
2021-01-16T16:50:50.286Z|info : amplify-provider-awscloudformation.upload-appsync-files.uploadAppSyncFiles.upload.s3Client.uploadFile([{"Key":"[***]vers/[***]ode.res.vtl"}])
2021-01-16T16:50:50.286Z|info : amplify-provider-awscloudformation.aws-s3.uploadFile.s3.putObject([{"Key":"[***]ify-[***]ync-[***]es/[***]7eac151b870a171e/[***]vers/[***]ode.res.vtl","Bucket":"[***]ify-[***]qrweb-[***]ev-[***]443-[***]ment"}])
2021-01-16T16:50:50.290Z|info : amplify-provider-awscloudformation.upload-appsync-files.uploadAppSyncFiles.upload.s3Client.uploadFile([{"Key":"[***]vers/[***]ser.req.vtl"}])
2021-01-16T16:50:50.291Z|info : amplify-provider-awscloudformation.aws-s3.uploadFile.s3.putObject([{"Key":"[***]ify-[***]ync-[***]es/[***]7eac151b870a171e/[***]vers/[***]ser.req.vtl","Bucket":"[***]ify-[***]qrweb-[***]ev-[***]443-[***]ment"}])
2021-01-16T16:50:50.295Z|info : amplify-provider-awscloudformation.upload-appsync-files.uploadAppSyncFiles.upload.s3Client.uploadFile([{"Key":"[***]vers/[***]ser.res.vtl"}])
2021-01-16T16:50:50.296Z|info : amplify-provider-awscloudformation.aws-s3.uploadFile.s3.putObject([{"Key":"[***]ify-[***]ync-[***]es/[***]7eac151b870a171e/[***]vers/[***]ser.res.vtl","Bucket":"[***]ify-[***]qrweb-[***]ev-[***]443-[***]ment"}])
2021-01-16T16:50:50.300Z|info : amplify-provider-awscloudformation.upload-appsync-files.uploadAppSyncFiles.upload.s3Client.uploadFile([{"Key":"[***]vers/[***]ode.req.vtl"}])
2021-01-16T16:50:50.301Z|info : amplify-provider-awscloudformation.aws-s3.uploadFile.s3.putObject([{"Key":"[***]ify-[***]ync-[***]es/[***]7eac151b870a171e/[***]vers/[***]ode.req.vtl","Bucket":"[***]ify-[***]qrweb-[***]ev-[***]443-[***]ment"}])
2021-01-16T16:50:50.304Z|info : amplify-provider-awscloudformation.upload-appsync-files.uploadAppSyncFiles.upload.s3Client.uploadFile([{"Key":"[***]vers/[***]ode.res.vtl"}])
2021-01-16T16:50:50.304Z|info : amplify-provider-awscloudformation.aws-s3.uploadFile.s3.putObject([{"Key":"[***]ify-[***]ync-[***]es/[***]7eac151b870a171e/[***]vers/[***]ode.res.vtl","Bucket":"[***]ify-[***]qrweb-[***]ev-[***]443-[***]ment"}])
2021-01-16T16:50:50.307Z|info : amplify-provider-awscloudformation.upload-appsync-files.uploadAppSyncFiles.upload.s3Client.uploadFile([{"Key":"[***]vers/[***]ser.req.vtl"}])
2021-01-16T16:50:50.308Z|info : amplify-provider-awscloudformation.aws-s3.uploadFile.s3.putObject([{"Key":"[***]ify-[***]ync-[***]es/[***]7eac151b870a171e/[***]vers/[***]ser.req.vtl","Bucket":"[***]ify-[***]qrweb-[***]ev-[***]443-[***]ment"}])
2021-01-16T16:50:50.311Z|info : amplify-provider-awscloudformation.upload-appsync-files.uploadAppSyncFiles.upload.s3Client.uploadFile([{"Key":"[***]vers/[***]ser.res.vtl"}])
2021-01-16T16:50:50.312Z|info : amplify-provider-awscloudformation.aws-s3.uploadFile.s3.putObject([{"Key":"[***]ify-[***]ync-[***]es/[***]7eac151b870a171e/[***]vers/[***]ser.res.vtl","Bucket":"[***]ify-[***]qrweb-[***]ev-[***]443-[***]ment"}])
2021-01-16T16:50:50.316Z|info : amplify-provider-awscloudformation.upload-appsync-files.uploadAppSyncFiles.upload.s3Client.uploadFile([{"Key":"[***]vers/[***]ode.req.vtl"}])
2021-01-16T16:50:50.317Z|info : amplify-provider-awscloudformation.aws-s3.uploadFile.s3.putObject([{"Key":"[***]ify-[***]ync-[***]es/[***]7eac151b870a171e/[***]vers/[***]ode.req.vtl","Bucket":"[***]ify-[***]qrweb-[***]ev-[***]443-[***]ment"}])
2021-01-16T16:50:50.328Z|info : amplify-provider-awscloudformation.upload-appsync-files.uploadAppSyncFiles.upload.s3Client.uploadFile([{"Key":"[***]vers/[***]ode.res.vtl"}])
2021-01-16T16:50:50.329Z|info : amplify-provider-awscloudformation.aws-s3.uploadFile.s3.putObject([{"Key":"[***]ify-[***]ync-[***]es/[***]7eac151b870a171e/[***]vers/[***]ode.res.vtl","Bucket":"[***]ify-[***]qrweb-[***]ev-[***]443-[***]ment"}])
2021-01-16T16:50:50.334Z|info : amplify-provider-awscloudformation.upload-appsync-files.uploadAppSyncFiles.upload.s3Client.uploadFile([{"Key":"[***]vers/[***]ser.req.vtl"}])
2021-01-16T16:50:50.335Z|info : amplify-provider-awscloudformation.aws-s3.uploadFile.s3.putObject([{"Key":"[***]ify-[***]ync-[***]es/[***]7eac151b870a171e/[***]vers/[***]ser.req.vtl","Bucket":"[***]ify-[***]qrweb-[***]ev-[***]443-[***]ment"}])
2021-01-16T16:50:50.344Z|info : amplify-provider-awscloudformation.upload-appsync-files.uploadAppSyncFiles.upload.s3Client.uploadFile([{"Key":"[***]vers/[***]ser.res.vtl"}])
2021-01-16T16:50:50.345Z|info : amplify-provider-awscloudformation.aws-s3.uploadFile.s3.putObject([{"Key":"[***]ify-[***]ync-[***]es/[***]7eac151b870a171e/[***]vers/[***]ser.res.vtl","Bucket":"[***]ify-[***]qrweb-[***]ev-[***]443-[***]ment"}])
2021-01-16T16:50:50.348Z|info : amplify-provider-awscloudformation.upload-appsync-files.uploadAppSyncFiles.upload.s3Client.uploadFile([{"Key":"[***]vers/[***]e.req.vtl"}])
2021-01-16T16:50:50.348Z|info : amplify-provider-awscloudformation.aws-s3.uploadFile.s3.putObject([{"Key":"[***]ify-[***]ync-[***]es/[***]7eac151b870a171e/[***]vers/[***]e.req.vtl","Bucket":"[***]ify-[***]qrweb-[***]ev-[***]443-[***]ment"}])
2021-01-16T16:50:50.352Z|info : amplify-provider-awscloudformation.upload-appsync-files.uploadAppSyncFiles.upload.s3Client.uploadFile([{"Key":"[***]vers/[***]e.res.vtl"}])
2021-01-16T16:50:50.352Z|info : amplify-provider-awscloudformation.aws-s3.uploadFile.s3.putObject([{"Key":"[***]ify-[***]ync-[***]es/[***]7eac151b870a171e/[***]vers/[***]e.res.vtl","Bucket":"[***]ify-[***]qrweb-[***]ev-[***]443-[***]ment"}])
2021-01-16T16:50:50.355Z|info : amplify-provider-awscloudformation.upload-appsync-files.uploadAppSyncFiles.upload.s3Client.uploadFile([{"Key":"[***]vers/[***]r.req.vtl"}])
2021-01-16T16:50:50.356Z|info : amplify-provider-awscloudformation.aws-s3.uploadFile.s3.putObject([{"Key":"[***]ify-[***]ync-[***]es/[***]7eac151b870a171e/[***]vers/[***]r.req.vtl","Bucket":"[***]ify-[***]qrweb-[***]ev-[***]443-[***]ment"}])
2021-01-16T16:50:50.358Z|info : amplify-provider-awscloudformation.upload-appsync-files.uploadAppSyncFiles.upload.s3Client.uploadFile([{"Key":"[***]vers/[***]r.res.vtl"}])
2021-01-16T16:50:50.359Z|info : amplify-provider-awscloudformation.aws-s3.uploadFile.s3.putObject([{"Key":"[***]ify-[***]ync-[***]es/[***]7eac151b870a171e/[***]vers/[***]r.res.vtl","Bucket":"[***]ify-[***]qrweb-[***]ev-[***]443-[***]ment"}])
2021-01-16T16:50:50.362Z|info : amplify-provider-awscloudformation.upload-appsync-files.uploadAppSyncFiles.upload.s3Client.uploadFile([{"Key":"[***]vers/[***]es.req.vtl"}])
2021-01-16T16:50:50.362Z|info : amplify-provider-awscloudformation.aws-s3.uploadFile.s3.putObject([{"Key":"[***]ify-[***]ync-[***]es/[***]7eac151b870a171e/[***]vers/[***]es.req.vtl","Bucket":"[***]ify-[***]qrweb-[***]ev-[***]443-[***]ment"}])
2021-01-16T16:50:50.365Z|info : amplify-provider-awscloudformation.upload-appsync-files.uploadAppSyncFiles.upload.s3Client.uploadFile([{"Key":"[***]vers/[***]es.res.vtl"}])
2021-01-16T16:50:50.366Z|info : amplify-provider-awscloudformation.aws-s3.uploadFile.s3.putObject([{"Key":"[***]ify-[***]ync-[***]es/[***]7eac151b870a171e/[***]vers/[***]es.res.vtl","Bucket":"[***]ify-[***]qrweb-[***]ev-[***]443-[***]ment"}])
2021-01-16T16:50:50.369Z|info : amplify-provider-awscloudformation.upload-appsync-files.uploadAppSyncFiles.upload.s3Client.uploadFile([{"Key":"[***]vers/[***]rs.req.vtl"}])
2021-01-16T16:50:50.370Z|info : amplify-provider-awscloudformation.aws-s3.uploadFile.s3.putObject([{"Key":"[***]ify-[***]ync-[***]es/[***]7eac151b870a171e/[***]vers/[***]rs.req.vtl","Bucket":"[***]ify-[***]qrweb-[***]ev-[***]443-[***]ment"}])
2021-01-16T16:50:50.375Z|info : amplify-provider-awscloudformation.upload-appsync-files.uploadAppSyncFiles.upload.s3Client.uploadFile([{"Key":"[***]vers/[***]rs.res.vtl"}])
2021-01-16T16:50:50.376Z|info : amplify-provider-awscloudformation.aws-s3.uploadFile.s3.putObject([{"Key":"[***]ify-[***]ync-[***]es/[***]7eac151b870a171e/[***]vers/[***]rs.res.vtl","Bucket":"[***]ify-[***]qrweb-[***]ev-[***]443-[***]ment"}])
2021-01-16T16:50:50.379Z|info : amplify-provider-awscloudformation.upload-appsync-files.uploadAppSyncFiles.upload.s3Client.uploadFile([{"Key":"[***]vers/[***]teCode.req.vtl"}])
2021-01-16T16:50:50.379Z|info : amplify-provider-awscloudformation.aws-s3.uploadFile.s3.putObject([{"Key":"[***]ify-[***]ync-[***]es/[***]7eac151b870a171e/[***]vers/[***]teCode.req.vtl","Bucket":"[***]ify-[***]qrweb-[***]ev-[***]443-[***]ment"}])
2021-01-16T16:50:50.382Z|info : amplify-provider-awscloudformation.upload-appsync-files.uploadAppSyncFiles.upload.s3Client.uploadFile([{"Key":"[***]vers/[***]teCode.res.vtl"}])
2021-01-16T16:50:50.382Z|info : amplify-provider-awscloudformation.aws-s3.uploadFile.s3.putObject([{"Key":"[***]ify-[***]ync-[***]es/[***]7eac151b870a171e/[***]vers/[***]teCode.res.vtl","Bucket":"[***]ify-[***]qrweb-[***]ev-[***]443-[***]ment"}])
2021-01-16T16:50:50.387Z|info : amplify-provider-awscloudformation.upload-appsync-files.uploadAppSyncFiles.upload.s3Client.uploadFile([{"Key":"[***]vers/[***]teUser.req.vtl"}])
2021-01-16T16:50:50.388Z|info : amplify-provider-awscloudformation.aws-s3.uploadFile.s3.putObject([{"Key":"[***]ify-[***]ync-[***]es/[***]7eac151b870a171e/[***]vers/[***]teUser.req.vtl","Bucket":"[***]ify-[***]qrweb-[***]ev-[***]443-[***]ment"}])
2021-01-16T16:50:50.392Z|info : amplify-provider-awscloudformation.upload-appsync-files.uploadAppSyncFiles.upload.s3Client.uploadFile([{"Key":"[***]vers/[***]teUser.res.vtl"}])
2021-01-16T16:50:50.392Z|info : amplify-provider-awscloudformation.aws-s3.uploadFile.s3.putObject([{"Key":"[***]ify-[***]ync-[***]es/[***]7eac151b870a171e/[***]vers/[***]teUser.res.vtl","Bucket":"[***]ify-[***]qrweb-[***]ev-[***]443-[***]ment"}])
2021-01-16T16:50:50.394Z|info : amplify-provider-awscloudformation.upload-appsync-files.uploadAppSyncFiles.upload.s3Client.uploadFile([{"Key":"[***]vers/[***]teCode.req.vtl"}])
2021-01-16T16:50:50.395Z|info : amplify-provider-awscloudformation.aws-s3.uploadFile.s3.putObject([{"Key":"[***]ify-[***]ync-[***]es/[***]7eac151b870a171e/[***]vers/[***]teCode.req.vtl","Bucket":"[***]ify-[***]qrweb-[***]ev-[***]443-[***]ment"}])
2021-01-16T16:50:50.398Z|info : amplify-provider-awscloudformation.upload-appsync-files.uploadAppSyncFiles.upload.s3Client.uploadFile([{"Key":"[***]vers/[***]teCode.res.vtl"}])
2021-01-16T16:50:50.400Z|info : amplify-provider-awscloudformation.aws-s3.uploadFile.s3.putObject([{"Key":"[***]ify-[***]ync-[***]es/[***]7eac151b870a171e/[***]vers/[***]teCode.res.vtl","Bucket":"[***]ify-[***]qrweb-[***]ev-[***]443-[***]ment"}])
2021-01-16T16:50:50.402Z|info : amplify-provider-awscloudformation.upload-appsync-files.uploadAppSyncFiles.upload.s3Client.uploadFile([{"Key":"[***]vers/[***]teUser.req.vtl"}])
2021-01-16T16:50:50.403Z|info : amplify-provider-awscloudformation.aws-s3.uploadFile.s3.putObject([{"Key":"[***]ify-[***]ync-[***]es/[***]7eac151b870a171e/[***]vers/[***]teUser.req.vtl","Bucket":"[***]ify-[***]qrweb-[***]ev-[***]443-[***]ment"}])
2021-01-16T16:50:50.407Z|info : amplify-provider-awscloudformation.upload-appsync-files.uploadAppSyncFiles.upload.s3Client.uploadFile([{"Key":"[***]vers/[***]teUser.res.vtl"}])
2021-01-16T16:50:50.407Z|info : amplify-provider-awscloudformation.aws-s3.uploadFile.s3.putObject([{"Key":"[***]ify-[***]ync-[***]es/[***]7eac151b870a171e/[***]vers/[***]teUser.res.vtl","Bucket":"[***]ify-[***]qrweb-[***]ev-[***]443-[***]ment"}])
2021-01-16T16:50:50.410Z|info : amplify-provider-awscloudformation.upload-appsync-files.uploadAppSyncFiles.upload.s3Client.uploadFile([{"Key":"[***]vers/[***]teCode.req.vtl"}])
2021-01-16T16:50:50.410Z|info : amplify-provider-awscloudformation.aws-s3.uploadFile.s3.putObject([{"Key":"[***]ify-[***]ync-[***]es/[***]7eac151b870a171e/[***]vers/[***]teCode.req.vtl","Bucket":"[***]ify-[***]qrweb-[***]ev-[***]443-[***]ment"}])
2021-01-16T16:50:50.413Z|info : amplify-provider-awscloudformation.upload-appsync-files.uploadAppSyncFiles.upload.s3Client.uploadFile([{"Key":"[***]vers/[***]teCode.res.vtl"}])
2021-01-16T16:50:50.413Z|info : amplify-provider-awscloudformation.aws-s3.uploadFile.s3.putObject([{"Key":"[***]ify-[***]ync-[***]es/[***]7eac151b870a171e/[***]vers/[***]teCode.res.vtl","Bucket":"[***]ify-[***]qrweb-[***]ev-[***]443-[***]ment"}])
2021-01-16T16:50:50.416Z|info : amplify-provider-awscloudformation.upload-appsync-files.uploadAppSyncFiles.upload.s3Client.uploadFile([{"Key":"[***]vers/[***]teUser.req.vtl"}])
2021-01-16T16:50:50.416Z|info : amplify-provider-awscloudformation.aws-s3.uploadFile.s3.putObject([{"Key":"[***]ify-[***]ync-[***]es/[***]7eac151b870a171e/[***]vers/[***]teUser.req.vtl","Bucket":"[***]ify-[***]qrweb-[***]ev-[***]443-[***]ment"}])
2021-01-16T16:50:50.418Z|info : amplify-provider-awscloudformation.upload-appsync-files.uploadAppSyncFiles.upload.s3Client.uploadFile([{"Key":"[***]vers/[***]teUser.res.vtl"}])
2021-01-16T16:50:50.419Z|info : amplify-provider-awscloudformation.aws-s3.uploadFile.s3.putObject([{"Key":"[***]ify-[***]ync-[***]es/[***]7eac151b870a171e/[***]vers/[***]teUser.res.vtl","Bucket":"[***]ify-[***]qrweb-[***]ev-[***]443-[***]ment"}])
2021-01-16T16:50:50.421Z|info : amplify-provider-awscloudformation.upload-appsync-files.uploadAppSyncFiles.upload.s3Client.uploadFile([{"Key":"[***]raphql"}])
2021-01-16T16:50:50.422Z|info : amplify-provider-awscloudformation.aws-s3.uploadFile.s3.putObject([{"Key":"[***]ify-[***]ync-[***]es/[***]7eac151b870a171e/[***]raphql","Bucket":"[***]ify-[***]qrweb-[***]ev-[***]443-[***]ment"}])
2021-01-16T16:50:50.425Z|info : amplify-provider-awscloudformation.upload-appsync-files.uploadAppSyncFiles.upload.s3Client.uploadFile([{"Key":"[***]cks/[***]json"}])
2021-01-16T16:50:50.425Z|info : amplify-provider-awscloudformation.aws-s3.uploadFile.s3.putObject([{"Key":"[***]ify-[***]ync-[***]es/[***]7eac151b870a171e/[***]cks/[***]json","Bucket":"[***]ify-[***]qrweb-[***]ev-[***]443-[***]ment"}])
2021-01-16T16:50:50.428Z|info : amplify-provider-awscloudformation.upload-appsync-files.uploadAppSyncFiles.upload.s3Client.uploadFile([{"Key":"[***]cks/[***]ces.json"}])
2021-01-16T16:50:50.429Z|info : amplify-provider-awscloudformation.aws-s3.uploadFile.s3.putObject([{"Key":"[***]ify-[***]ync-[***]es/[***]7eac151b870a171e/[***]cks/[***]ces.json","Bucket":"[***]ify-[***]qrweb-[***]ev-[***]443-[***]ment"}])
2021-01-16T16:50:50.431Z|info : amplify-provider-awscloudformation.upload-appsync-files.uploadAppSyncFiles.upload.s3Client.uploadFile([{"Key":"[***]cks/[***]json"}])
2021-01-16T16:50:50.431Z|info : amplify-provider-awscloudformation.aws-s3.uploadFile.s3.putObject([{"Key":"[***]ify-[***]ync-[***]es/[***]7eac151b870a171e/[***]cks/[***]json","Bucket":"[***]ify-[***]qrweb-[***]ev-[***]443-[***]ment"}])
2021-01-16T16:51:20.156Z|info : amplify-provider-awscloudformation.aws-s3.uploadFile.s3.putObject([{"Key":"[***]ify-[***]fn-[***]ates/[***]th/[***]25a523da-[***]mation-[***]e.yml","Bucket":"[***]ify-[***]qrweb-[***]ev-[***]443-[***]ment"}])
2021-01-16T16:51:20.158Z|info : amplify-provider-awscloudformation.aws-s3.uploadFile.s3.putObject([{"Key":"[***]ify-[***]fn-[***]ates/[***]pi/[***]mation-[***]e.json","Bucket":"[***]ify-[***]qrweb-[***]ev-[***]443-[***]ment"}])
2021-01-16T16:51:21.584Z|info : amplify-provider-awscloudformation.push-resources.updateCloudFormationNestedStack(["/Users/christianpickett/Documents/projectqr/amplify/backend/awscloudformation","/Users/christianpickett/Documents/projectqr/amplify/backend/awscloudformation/nested-cloudformation-stack.yml"])
2021-01-16T16:51:21.590Z|info : amplify-provider-awscloudformation.aws-s3.uploadFile.s3.putObject([{"Key":"[***]ted-[***]mation-[***].yml","Bucket":"[***]ify-[***]qrweb-[***]ev-[***]443-[***]ment"}])
2021-01-16T16:55:30.374Z|info : amplify-provider-awscloudformation.utility-functions.getIntrospectionSchema.appSyncModel.appSync.getIntrospectionSchema([{"apiId":"[***]ulfwt3o646i","format":"JSON"}])
2021-01-16T16:55:32.933Z|info : amplify-provider-awscloudformation.push-resources.storeCurrentcoudBackend.s3.uploadFile([{"Key":"[***]rent-[***]ud-[***]d.zip"}])
2021-01-16T16:55:32.935Z|info : amplify-provider-awscloudformation.aws-s3.uploadFile.s3.putObject([{"Key":"[***]rent-[***]ud-[***]d.zip","Bucket":"[***]ify-[***]qrweb-[***]ev-[***]443-[***]ment"}])
2021-01-16T16:55:33.445Z|info : amplify-provider-awscloudformation.amplify-service-manager.s3.uploadFile([{"Key":"[***]ify-[***]json"}])
2021-01-16T16:55:33.446Z|info : amplify-provider-awscloudformation.aws-s3.uploadFile.s3.putObject([{"Key":"[***]ify-[***]json","Bucket":"[***]ify-[***]qrweb-[***]ev-[***]443-[***]ment"}])
2021-01-16T16:55:33.600Z|info : amplify-provider-awscloudformation.amplify-service-manager.s3.uploadFile([{"Key":"[***]end-[***].json"}])
2021-01-16T16:55:33.602Z|info : amplify-provider-awscloudformation.aws-s3.uploadFile.s3.putObject([{"Key":"[***]end-[***].json","Bucket":"[***]ify-[***]qrweb-[***]ev-[***]443-[***]ment"}])
2021-01-16T17:01:09.435Z|info : amplify remove api  
2021-01-16T17:06:27.414Z|info : amplify status core  
2021-01-16T17:06:45.419Z|info : amplify push core  
2021-01-16T17:06:56.704Z|info : amplify-provider-awscloudformation.zip-util.downloadZip.s3.getFile([{"Key":"[***]rent-[***]ud-[***]d.zip"},null])
2021-01-16T17:06:56.709Z|info : amplify-provider-awscloudformation.aws-s3.s3.getFile([{"Key":"[***]rent-[***]ud-[***]d.zip","Bucket":"[***]ify-[***]qrweb-[***]ev-[***]443-[***]ment"}])
2021-01-16T17:06:57.384Z|info : amplify-provider-awscloudformation.initialize-env.run.cfn.updateamplifyMetaFileWithStackOutputs([{"StackName":"[***]ify-[***]qrweb-[***]ev-[***]443"}])
2021-01-16T17:06:57.857Z|info : amplify-provider-awscloudformation.aws-s3.s3.getFile([{"Key":"[***]ify-[***]json","Bucket":"[***]ify-[***]qrweb-[***]ev-[***]443-[***]ment"}])
2021-01-16T17:10:28.524Z|info : amplify-provider-awscloudformation.push-resources.updateCloudFormationNestedStack(["/Users/christianpickett/Documents/projectqr/amplify/backend/awscloudformation","/Users/christianpickett/Documents/projectqr/amplify/backend/awscloudformation/nested-cloudformation-stack.yml"])
2021-01-16T17:10:28.533Z|info : amplify-provider-awscloudformation.aws-s3.uploadFile.s3.putObject([{"Key":"[***]ted-[***]mation-[***].yml","Bucket":"[***]ify-[***]qrweb-[***]ev-[***]443-[***]ment"}])
2021-01-16T17:12:30.545Z|info : amplify-provider-awscloudformation.push-resources.storeCurrentcoudBackend.s3.uploadFile([{"Key":"[***]rent-[***]ud-[***]d.zip"}])
2021-01-16T17:12:30.546Z|info : amplify-provider-awscloudformation.aws-s3.uploadFile.s3.putObject([{"Key":"[***]rent-[***]ud-[***]d.zip","Bucket":"[***]ify-[***]qrweb-[***]ev-[***]443-[***]ment"}])
2021-01-16T17:12:30.715Z|info : amplify-provider-awscloudformation.amplify-service-manager.s3.uploadFile([{"Key":"[***]ify-[***]json"}])
2021-01-16T17:12:30.717Z|info : amplify-provider-awscloudformation.aws-s3.uploadFile.s3.putObject([{"Key":"[***]ify-[***]json","Bucket":"[***]ify-[***]qrweb-[***]ev-[***]443-[***]ment"}])
2021-01-16T17:12:30.913Z|info : amplify-provider-awscloudformation.amplify-service-manager.s3.uploadFile([{"Key":"[***]end-[***].json"}])
2021-01-16T17:12:30.914Z|info : amplify-provider-awscloudformation.aws-s3.uploadFile.s3.putObject([{"Key":"[***]end-[***].json","Bucket":"[***]ify-[***]qrweb-[***]ev-[***]443-[***]ment"}])
2021-01-16T17:30:56.212Z|info : amplify pull core  {"appId":"[***]7nw10p","envName":"[***]ev","yes":false}
2021-01-16T17:31:07.790Z|info : amplify-provider-awscloudformation.zip-util.downloadZip.s3.getFile([{"Key":"[***]rent-[***]ud-[***]d.zip"},null])
2021-01-16T17:31:07.792Z|info : amplify-provider-awscloudformation.aws-s3.s3.getFile([{"Key":"[***]rent-[***]ud-[***]d.zip","Bucket":"[***]ify-[***]qrweb-[***]ev-[***]443-[***]ment"}])
2021-01-16T17:31:08.345Z|info : amplify-provider-awscloudformation.initialize-env.run.cfn.updateamplifyMetaFileWithStackOutputs([{"StackName":"[***]ify-[***]qrweb-[***]ev-[***]443"}])
2021-01-16T17:31:08.829Z|info : amplify-provider-awscloudformation.aws-s3.s3.getFile([{"Key":"[***]ify-[***]json","Bucket":"[***]ify-[***]qrweb-[***]ev-[***]443-[***]ment"}])
2021-01-17T02:36:35.779Z|info : amplify status core  
